bondarenko_vadim/homework05/build/intermediates/manifest_merge_blame_file/debug/manifest-merger-blame-debug-report.txt
1<?xml version="1.0" encoding="utf-8"?>
2<manifest xmlns:android="http://schemas.android.com/apk/res/android"
3    package="com.techmeskills.an16.bondarenko_vadim.homework04"
4    android:versionCode="1"
5    android:versionName="1.0" >
6
7    <uses-sdk
8        android:minSdkVersion="22"
8-->src/main/AndroidManifest.xml
9        android:targetSdkVersion="32" />
9-->src/main/AndroidManifest.xml
10
11    <application
11-->src/main/AndroidManifest.xml:5:5-23:19
12        android:allowBackup="true"
12-->src/main/AndroidManifest.xml:6:9-35
13        android:appComponentFactory="androidx.core.app.CoreComponentFactory"
13-->[androidx.core:core:1.8.0] AndroidManifest.xml:24:18-86
14        android:debuggable="true"
15        android:icon="@mipmap/ic_launcher_sleep_tracker"
15-->src/main/AndroidManifest.xml:7:9-57
16        android:label="@string/app_name"
16-->src/main/AndroidManifest.xml:8:9-41
17        android:roundIcon="@mipmap/ic_launcher_sleep_tracker_round"
17-->src/main/AndroidManifest.xml:9:9-68
18        android:supportsRtl="true"
18-->src/main/AndroidManifest.xml:10:9-35
19        android:testOnly="true"
20        android:theme="@style/AppTheme" >
20-->src/main/AndroidManifest.xml:11:9-40
21        <activity
21-->src/main/AndroidManifest.xml:12:9-19:20
22            android:name="com.techmeskills.an16.bondarenko_vadim.homework04.MainActivity"
22-->src/main/AndroidManifest.xml:12:19-96
23            android:exported="true" >
23-->src/main/AndroidManifest.xml:13:13-36
24            <intent-filter>
24-->src/main/AndroidManifest.xml:14:13-18:29
25                <action android:name="android.intent.action.MAIN" />
25-->src/main/AndroidManifest.xml:15:17-69
25-->src/main/AndroidManifest.xml:15:25-66
26
27                <category android:name="android.intent.category.LAUNCHER" />
27-->src/main/AndroidManifest.xml:17:17-77
27-->src/main/AndroidManifest.xml:17:27-74
28            </intent-filter>
29        </activity>
30
31        <meta-data
31-->src/main/AndroidManifest.xml:20:9-22:57
32            android:name="preloaded_fonts"
32-->src/main/AndroidManifest.xml:21:13-43
33            android:resource="@array/preloaded_fonts" />
33-->src/main/AndroidManifest.xml:22:13-54
34
35        <uses-library
35-->[androidx.window:window:1.0.0] AndroidManifest.xml:25:9-27:40
36            android:name="androidx.window.extensions"
36-->[androidx.window:window:1.0.0] AndroidManifest.xml:26:13-54
37            android:required="false" />
37-->[androidx.window:window:1.0.0] AndroidManifest.xml:27:13-37
38        <uses-library
38-->[androidx.window:window:1.0.0] AndroidManifest.xml:28:9-30:40
39            android:name="androidx.window.sidecar"
39-->[androidx.window:window:1.0.0] AndroidManifest.xml:29:13-51
40            android:required="false" />
40-->[androidx.window:window:1.0.0] AndroidManifest.xml:30:13-37
41
42        <service
42-->[androidx.room:room-runtime:2.4.3] AndroidManifest.xml:25:9-28:40
43            android:name="androidx.room.MultiInstanceInvalidationService"
43-->[androidx.room:room-runtime:2.4.3] AndroidManifest.xml:26:13-74
44            android:directBootAware="true"
44-->[androidx.room:room-runtime:2.4.3] AndroidManifest.xml:27:13-43
45            android:exported="false" />
45-->[androidx.room:room-runtime:2.4.3] AndroidManifest.xml:28:13-37
46
47        <provider
47-->[androidx.emoji2:emoji2:1.0.0] AndroidManifest.xml:26:9-34:20
48            android:name="androidx.startup.InitializationProvider"
48-->[androidx.emoji2:emoji2:1.0.0] AndroidManifest.xml:27:13-67
49            android:authorities="com.techmeskills.an16.bondarenko_vadim.homework04.androidx-startup"
49-->[androidx.emoji2:emoji2:1.0.0] AndroidManifest.xml:28:13-68
50            android:exported="false" >
50-->[androidx.emoji2:emoji2:1.0.0] AndroidManifest.xml:29:13-37
51            <meta-data
51-->[androidx.emoji2:emoji2:1.0.0] AndroidManifest.xml:31:13-33:52
52                android:name="androidx.emoji2.text.EmojiCompatInitializer"
52-->[androidx.emoji2:emoji2:1.0.0] AndroidManifest.xml:32:17-75
53                android:value="androidx.startup" />
53-->[androidx.emoji2:emoji2:1.0.0] AndroidManifest.xml:33:17-49
54            <meta-data
54-->[androidx.lifecycle:lifecycle-process:2.4.0] AndroidManifest.xml:31:13-33:52
55                android:name="androidx.lifecycle.ProcessLifecycleInitializer"
55-->[androidx.lifecycle:lifecycle-process:2.4.0] AndroidManifest.xml:32:17-78
56                android:value="androidx.startup" />
56-->[androidx.lifecycle:lifecycle-process:2.4.0] AndroidManifest.xml:33:17-49
57        </provider>
58    </application>
59
60</manifest>